ARM GAS  C:\DOCUME~1\Remixvit\LOCALS~1\Temp\cc9auxuk.s 			page 1


   1              		.cpu cortex-m0
   2              		.fpu softvfp
   3              		.eabi_attribute 20, 1
   4              		.eabi_attribute 21, 1
   5              		.eabi_attribute 23, 3
   6              		.eabi_attribute 24, 1
   7              		.eabi_attribute 25, 1
   8              		.eabi_attribute 26, 1
   9              		.eabi_attribute 30, 1
  10              		.eabi_attribute 34, 0
  11              		.eabi_attribute 18, 4
  12              		.code	16
  13              		.file	"main.c"
  14              		.text
  15              	.Ltext0:
  16              		.cfi_sections	.debug_frame
  17              		.section	.text.main,"ax",%progbits
  18              		.align	2
  19              		.global	main
  20              		.code	16
  21              		.thumb_func
  22              		.type	main, %function
  23              	main:
  24              	.LFB33:
  25              		.file 1 ".\\main.c"
   1:.\main.c      **** /* ========================================
   2:.\main.c      ****  *
   3:.\main.c      ****  * Copyright YOUR COMPANY, THE YEAR
   4:.\main.c      ****  * All Rights Reserved
   5:.\main.c      ****  * UNPUBLISHED, LICENSED SOFTWARE.
   6:.\main.c      ****  *
   7:.\main.c      ****  * CONFIDENTIAL AND PROPRIETARY INFORMATION
   8:.\main.c      ****  * WHICH IS THE PROPERTY OF your company.
   9:.\main.c      ****  *
  10:.\main.c      ****  * ========================================
  11:.\main.c      **** */
  12:.\main.c      **** #include <project.h>
  13:.\main.c      **** #include <MyLib.h>
  14:.\main.c      **** int main()
  15:.\main.c      **** {
  26              		.loc 1 15 0
  27              		.cfi_startproc
  16:.\main.c      ****     CyGlobalIntEnable; /* Enable global interrupts. */
  28              		.loc 1 16 0
  29              	@ 16 ".\main.c" 1
  30 0000 62B6     		CPSIE   i
  31              	@ 0 "" 2
  32              		.code	16
  33              	.L2:
  17:.\main.c      **** 
  18:.\main.c      ****     /* Place your initialization/startup code here (e.g. MyInst_Start()) */
  19:.\main.c      **** 
  20:.\main.c      ****     for(;;)
  21:.\main.c      ****     {
  22:.\main.c      ****         /* Place your application code here. */
  23:.\main.c      ****     }
  34              		.loc 1 23 0 discriminator 1
ARM GAS  C:\DOCUME~1\Remixvit\LOCALS~1\Temp\cc9auxuk.s 			page 2


  35 0002 FEE7     		b	.L2
  36              		.cfi_endproc
  37              	.LFE33:
  38              		.size	main, .-main
  39              		.comm	ExtInt,5,4
  40              		.text
  41              	.Letext0:
  42              		.file 2 "./MyLib.h"
  43              		.file 3 "Generated_Source\\PSoC4/cytypes.h"
  44              		.section	.debug_info,"",%progbits
  45              	.Ldebug_info0:
  46 0000 0A010000 		.4byte	0x10a
  47 0004 0400     		.2byte	0x4
  48 0006 00000000 		.4byte	.Ldebug_abbrev0
  49 000a 04       		.byte	0x4
  50 000b 01       		.uleb128 0x1
  51 000c 0A010000 		.4byte	.LASF18
  52 0010 01       		.byte	0x1
  53 0011 98010000 		.4byte	.LASF19
  54 0015 25000000 		.4byte	.LASF20
  55 0019 00000000 		.4byte	.Ldebug_ranges0+0
  56 001d 00000000 		.4byte	0
  57 0021 00000000 		.4byte	.Ldebug_line0
  58 0025 02       		.uleb128 0x2
  59 0026 01       		.byte	0x1
  60 0027 06       		.byte	0x6
  61 0028 F2000000 		.4byte	.LASF0
  62 002c 02       		.uleb128 0x2
  63 002d 01       		.byte	0x1
  64 002e 08       		.byte	0x8
  65 002f AB000000 		.4byte	.LASF1
  66 0033 02       		.uleb128 0x2
  67 0034 02       		.byte	0x2
  68 0035 05       		.byte	0x5
  69 0036 C7000000 		.4byte	.LASF2
  70 003a 02       		.uleb128 0x2
  71 003b 02       		.byte	0x2
  72 003c 07       		.byte	0x7
  73 003d DF000000 		.4byte	.LASF3
  74 0041 02       		.uleb128 0x2
  75 0042 04       		.byte	0x4
  76 0043 05       		.byte	0x5
  77 0044 BE000000 		.4byte	.LASF4
  78 0048 02       		.uleb128 0x2
  79 0049 04       		.byte	0x4
  80 004a 07       		.byte	0x7
  81 004b 6C000000 		.4byte	.LASF5
  82 004f 02       		.uleb128 0x2
  83 0050 08       		.byte	0x8
  84 0051 05       		.byte	0x5
  85 0052 00000000 		.4byte	.LASF6
  86 0056 02       		.uleb128 0x2
  87 0057 08       		.byte	0x8
  88 0058 07       		.byte	0x7
  89 0059 7E000000 		.4byte	.LASF7
  90 005d 03       		.uleb128 0x3
  91 005e 04       		.byte	0x4
ARM GAS  C:\DOCUME~1\Remixvit\LOCALS~1\Temp\cc9auxuk.s 			page 3


  92 005f 05       		.byte	0x5
  93 0060 696E7400 		.ascii	"int\000"
  94 0064 02       		.uleb128 0x2
  95 0065 04       		.byte	0x4
  96 0066 07       		.byte	0x7
  97 0067 18000000 		.4byte	.LASF8
  98 006b 04       		.uleb128 0x4
  99 006c 66000000 		.4byte	.LASF16
 100 0070 03       		.byte	0x3
 101 0071 C2       		.byte	0xc2
 102 0072 2C000000 		.4byte	0x2c
 103 0076 02       		.uleb128 0x2
 104 0077 04       		.byte	0x4
 105 0078 04       		.byte	0x4
 106 0079 95000000 		.4byte	.LASF9
 107 007d 02       		.uleb128 0x2
 108 007e 08       		.byte	0x8
 109 007f 04       		.byte	0x4
 110 0080 D1000000 		.4byte	.LASF10
 111 0084 02       		.uleb128 0x2
 112 0085 01       		.byte	0x1
 113 0086 08       		.byte	0x8
 114 0087 B9000000 		.4byte	.LASF11
 115 008b 02       		.uleb128 0x2
 116 008c 04       		.byte	0x4
 117 008d 07       		.byte	0x7
 118 008e A1010000 		.4byte	.LASF12
 119 0092 05       		.uleb128 0x5
 120 0093 05       		.byte	0x5
 121 0094 02       		.byte	0x2
 122 0095 10       		.byte	0x10
 123 0096 D7000000 		.4byte	0xd7
 124 009a 06       		.uleb128 0x6
 125 009b FE000000 		.4byte	.LASF13
 126 009f 02       		.byte	0x2
 127 00a0 12       		.byte	0x12
 128 00a1 6B000000 		.4byte	0x6b
 129 00a5 00       		.byte	0
 130 00a6 06       		.uleb128 0x6
 131 00a7 0E000000 		.4byte	.LASF14
 132 00ab 02       		.byte	0x2
 133 00ac 13       		.byte	0x13
 134 00ad 6B000000 		.4byte	0x6b
 135 00b1 01       		.byte	0x1
 136 00b2 07       		.uleb128 0x7
 137 00b3 4F707400 		.ascii	"Opt\000"
 138 00b7 02       		.byte	0x2
 139 00b8 14       		.byte	0x14
 140 00b9 6B000000 		.4byte	0x6b
 141 00bd 02       		.byte	0x2
 142 00be 06       		.uleb128 0x6
 143 00bf 03010000 		.4byte	.LASF15
 144 00c3 02       		.byte	0x2
 145 00c4 15       		.byte	0x15
 146 00c5 6B000000 		.4byte	0x6b
 147 00c9 03       		.byte	0x3
 148 00ca 07       		.uleb128 0x7
ARM GAS  C:\DOCUME~1\Remixvit\LOCALS~1\Temp\cc9auxuk.s 			page 4


 149 00cb 4E524600 		.ascii	"NRF\000"
 150 00cf 02       		.byte	0x2
 151 00d0 16       		.byte	0x16
 152 00d1 6B000000 		.4byte	0x6b
 153 00d5 04       		.byte	0x4
 154 00d6 00       		.byte	0
 155 00d7 04       		.uleb128 0x4
 156 00d8 9B000000 		.4byte	.LASF17
 157 00dc 02       		.byte	0x2
 158 00dd 17       		.byte	0x17
 159 00de 92000000 		.4byte	0x92
 160 00e2 08       		.uleb128 0x8
 161 00e3 61000000 		.4byte	.LASF21
 162 00e7 01       		.byte	0x1
 163 00e8 0E       		.byte	0xe
 164 00e9 5D000000 		.4byte	0x5d
 165 00ed 00000000 		.4byte	.LFB33
 166 00f1 04000000 		.4byte	.LFE33-.LFB33
 167 00f5 01       		.uleb128 0x1
 168 00f6 9C       		.byte	0x9c
 169 00f7 09       		.uleb128 0x9
 170 00f8 D8000000 		.4byte	.LASF22
 171 00fc 02       		.byte	0x2
 172 00fd 18       		.byte	0x18
 173 00fe 08010000 		.4byte	0x108
 174 0102 05       		.uleb128 0x5
 175 0103 03       		.byte	0x3
 176 0104 00000000 		.4byte	ExtInt
 177 0108 0A       		.uleb128 0xa
 178 0109 D7000000 		.4byte	0xd7
 179 010d 00       		.byte	0
 180              		.section	.debug_abbrev,"",%progbits
 181              	.Ldebug_abbrev0:
 182 0000 01       		.uleb128 0x1
 183 0001 11       		.uleb128 0x11
 184 0002 01       		.byte	0x1
 185 0003 25       		.uleb128 0x25
 186 0004 0E       		.uleb128 0xe
 187 0005 13       		.uleb128 0x13
 188 0006 0B       		.uleb128 0xb
 189 0007 03       		.uleb128 0x3
 190 0008 0E       		.uleb128 0xe
 191 0009 1B       		.uleb128 0x1b
 192 000a 0E       		.uleb128 0xe
 193 000b 55       		.uleb128 0x55
 194 000c 17       		.uleb128 0x17
 195 000d 11       		.uleb128 0x11
 196 000e 01       		.uleb128 0x1
 197 000f 10       		.uleb128 0x10
 198 0010 17       		.uleb128 0x17
 199 0011 00       		.byte	0
 200 0012 00       		.byte	0
 201 0013 02       		.uleb128 0x2
 202 0014 24       		.uleb128 0x24
 203 0015 00       		.byte	0
 204 0016 0B       		.uleb128 0xb
 205 0017 0B       		.uleb128 0xb
ARM GAS  C:\DOCUME~1\Remixvit\LOCALS~1\Temp\cc9auxuk.s 			page 5


 206 0018 3E       		.uleb128 0x3e
 207 0019 0B       		.uleb128 0xb
 208 001a 03       		.uleb128 0x3
 209 001b 0E       		.uleb128 0xe
 210 001c 00       		.byte	0
 211 001d 00       		.byte	0
 212 001e 03       		.uleb128 0x3
 213 001f 24       		.uleb128 0x24
 214 0020 00       		.byte	0
 215 0021 0B       		.uleb128 0xb
 216 0022 0B       		.uleb128 0xb
 217 0023 3E       		.uleb128 0x3e
 218 0024 0B       		.uleb128 0xb
 219 0025 03       		.uleb128 0x3
 220 0026 08       		.uleb128 0x8
 221 0027 00       		.byte	0
 222 0028 00       		.byte	0
 223 0029 04       		.uleb128 0x4
 224 002a 16       		.uleb128 0x16
 225 002b 00       		.byte	0
 226 002c 03       		.uleb128 0x3
 227 002d 0E       		.uleb128 0xe
 228 002e 3A       		.uleb128 0x3a
 229 002f 0B       		.uleb128 0xb
 230 0030 3B       		.uleb128 0x3b
 231 0031 0B       		.uleb128 0xb
 232 0032 49       		.uleb128 0x49
 233 0033 13       		.uleb128 0x13
 234 0034 00       		.byte	0
 235 0035 00       		.byte	0
 236 0036 05       		.uleb128 0x5
 237 0037 13       		.uleb128 0x13
 238 0038 01       		.byte	0x1
 239 0039 0B       		.uleb128 0xb
 240 003a 0B       		.uleb128 0xb
 241 003b 3A       		.uleb128 0x3a
 242 003c 0B       		.uleb128 0xb
 243 003d 3B       		.uleb128 0x3b
 244 003e 0B       		.uleb128 0xb
 245 003f 01       		.uleb128 0x1
 246 0040 13       		.uleb128 0x13
 247 0041 00       		.byte	0
 248 0042 00       		.byte	0
 249 0043 06       		.uleb128 0x6
 250 0044 0D       		.uleb128 0xd
 251 0045 00       		.byte	0
 252 0046 03       		.uleb128 0x3
 253 0047 0E       		.uleb128 0xe
 254 0048 3A       		.uleb128 0x3a
 255 0049 0B       		.uleb128 0xb
 256 004a 3B       		.uleb128 0x3b
 257 004b 0B       		.uleb128 0xb
 258 004c 49       		.uleb128 0x49
 259 004d 13       		.uleb128 0x13
 260 004e 38       		.uleb128 0x38
 261 004f 0B       		.uleb128 0xb
 262 0050 00       		.byte	0
ARM GAS  C:\DOCUME~1\Remixvit\LOCALS~1\Temp\cc9auxuk.s 			page 6


 263 0051 00       		.byte	0
 264 0052 07       		.uleb128 0x7
 265 0053 0D       		.uleb128 0xd
 266 0054 00       		.byte	0
 267 0055 03       		.uleb128 0x3
 268 0056 08       		.uleb128 0x8
 269 0057 3A       		.uleb128 0x3a
 270 0058 0B       		.uleb128 0xb
 271 0059 3B       		.uleb128 0x3b
 272 005a 0B       		.uleb128 0xb
 273 005b 49       		.uleb128 0x49
 274 005c 13       		.uleb128 0x13
 275 005d 38       		.uleb128 0x38
 276 005e 0B       		.uleb128 0xb
 277 005f 00       		.byte	0
 278 0060 00       		.byte	0
 279 0061 08       		.uleb128 0x8
 280 0062 2E       		.uleb128 0x2e
 281 0063 00       		.byte	0
 282 0064 3F       		.uleb128 0x3f
 283 0065 19       		.uleb128 0x19
 284 0066 03       		.uleb128 0x3
 285 0067 0E       		.uleb128 0xe
 286 0068 3A       		.uleb128 0x3a
 287 0069 0B       		.uleb128 0xb
 288 006a 3B       		.uleb128 0x3b
 289 006b 0B       		.uleb128 0xb
 290 006c 49       		.uleb128 0x49
 291 006d 13       		.uleb128 0x13
 292 006e 11       		.uleb128 0x11
 293 006f 01       		.uleb128 0x1
 294 0070 12       		.uleb128 0x12
 295 0071 06       		.uleb128 0x6
 296 0072 40       		.uleb128 0x40
 297 0073 18       		.uleb128 0x18
 298 0074 9742     		.uleb128 0x2117
 299 0076 19       		.uleb128 0x19
 300 0077 00       		.byte	0
 301 0078 00       		.byte	0
 302 0079 09       		.uleb128 0x9
 303 007a 34       		.uleb128 0x34
 304 007b 00       		.byte	0
 305 007c 03       		.uleb128 0x3
 306 007d 0E       		.uleb128 0xe
 307 007e 3A       		.uleb128 0x3a
 308 007f 0B       		.uleb128 0xb
 309 0080 3B       		.uleb128 0x3b
 310 0081 0B       		.uleb128 0xb
 311 0082 49       		.uleb128 0x49
 312 0083 13       		.uleb128 0x13
 313 0084 3F       		.uleb128 0x3f
 314 0085 19       		.uleb128 0x19
 315 0086 02       		.uleb128 0x2
 316 0087 18       		.uleb128 0x18
 317 0088 00       		.byte	0
 318 0089 00       		.byte	0
 319 008a 0A       		.uleb128 0xa
ARM GAS  C:\DOCUME~1\Remixvit\LOCALS~1\Temp\cc9auxuk.s 			page 7


 320 008b 35       		.uleb128 0x35
 321 008c 00       		.byte	0
 322 008d 49       		.uleb128 0x49
 323 008e 13       		.uleb128 0x13
 324 008f 00       		.byte	0
 325 0090 00       		.byte	0
 326 0091 00       		.byte	0
 327              		.section	.debug_aranges,"",%progbits
 328 0000 1C000000 		.4byte	0x1c
 329 0004 0200     		.2byte	0x2
 330 0006 00000000 		.4byte	.Ldebug_info0
 331 000a 04       		.byte	0x4
 332 000b 00       		.byte	0
 333 000c 0000     		.2byte	0
 334 000e 0000     		.2byte	0
 335 0010 00000000 		.4byte	.LFB33
 336 0014 04000000 		.4byte	.LFE33-.LFB33
 337 0018 00000000 		.4byte	0
 338 001c 00000000 		.4byte	0
 339              		.section	.debug_ranges,"",%progbits
 340              	.Ldebug_ranges0:
 341 0000 00000000 		.4byte	.LFB33
 342 0004 04000000 		.4byte	.LFE33
 343 0008 00000000 		.4byte	0
 344 000c 00000000 		.4byte	0
 345              		.section	.debug_line,"",%progbits
 346              	.Ldebug_line0:
 347 0000 6B000000 		.section	.debug_str,"MS",%progbits,1
 347      02005000 
 347      00000201 
 347      FB0E0D00 
 347      01010101 
 348              	.LASF6:
 349 0000 6C6F6E67 		.ascii	"long long int\000"
 349      206C6F6E 
 349      6720696E 
 349      7400
 350              	.LASF14:
 351 000e 43726974 		.ascii	"Crit_Temp\000"
 351      5F54656D 
 351      7000
 352              	.LASF8:
 353 0018 756E7369 		.ascii	"unsigned int\000"
 353      676E6564 
 353      20696E74 
 353      00
 354              	.LASF20:
 355 0025 433A5C45 		.ascii	"C:\\EAGLE\\My\\WirellesLoad\\WirellesLoad\\Wirelles"
 355      41474C45 
 355      5C4D795C 
 355      57697265 
 355      6C6C6573 
 356 0053 4C6F6164 		.ascii	"Load_v1.cydsn\000"
 356      5F76312E 
 356      63796473 
 356      6E00
 357              	.LASF21:
ARM GAS  C:\DOCUME~1\Remixvit\LOCALS~1\Temp\cc9auxuk.s 			page 8


 358 0061 6D61696E 		.ascii	"main\000"
 358      00
 359              	.LASF16:
 360 0066 75696E74 		.ascii	"uint8\000"
 360      3800
 361              	.LASF5:
 362 006c 6C6F6E67 		.ascii	"long unsigned int\000"
 362      20756E73 
 362      69676E65 
 362      6420696E 
 362      7400
 363              	.LASF7:
 364 007e 6C6F6E67 		.ascii	"long long unsigned int\000"
 364      206C6F6E 
 364      6720756E 
 364      7369676E 
 364      65642069 
 365              	.LASF9:
 366 0095 666C6F61 		.ascii	"float\000"
 366      7400
 367              	.LASF17:
 368 009b 496E7465 		.ascii	"InterruptStruct\000"
 368      72727570 
 368      74537472 
 368      75637400 
 369              	.LASF1:
 370 00ab 756E7369 		.ascii	"unsigned char\000"
 370      676E6564 
 370      20636861 
 370      7200
 371              	.LASF11:
 372 00b9 63686172 		.ascii	"char\000"
 372      00
 373              	.LASF4:
 374 00be 6C6F6E67 		.ascii	"long int\000"
 374      20696E74 
 374      00
 375              	.LASF2:
 376 00c7 73686F72 		.ascii	"short int\000"
 376      7420696E 
 376      7400
 377              	.LASF10:
 378 00d1 646F7562 		.ascii	"double\000"
 378      6C6500
 379              	.LASF22:
 380 00d8 45787449 		.ascii	"ExtInt\000"
 380      6E7400
 381              	.LASF3:
 382 00df 73686F72 		.ascii	"short unsigned int\000"
 382      7420756E 
 382      7369676E 
 382      65642069 
 382      6E7400
 383              	.LASF0:
 384 00f2 7369676E 		.ascii	"signed char\000"
 384      65642063 
 384      68617200 
ARM GAS  C:\DOCUME~1\Remixvit\LOCALS~1\Temp\cc9auxuk.s 			page 9


 385              	.LASF13:
 386 00fe 54656D70 		.ascii	"Temp\000"
 386      00
 387              	.LASF15:
 388 0103 42757474 		.ascii	"Button\000"
 388      6F6E00
 389              	.LASF18:
 390 010a 474E5520 		.ascii	"GNU C 4.9.3 20150303 (release) [ARM/embedded-4_9-br"
 390      4320342E 
 390      392E3320 
 390      32303135 
 390      30333033 
 391 013d 616E6368 		.ascii	"anch revision 221220] -mcpu=cortex-m0 -mthumb -g -O"
 391      20726576 
 391      6973696F 
 391      6E203232 
 391      31323230 
 392 0170 67202D66 		.ascii	"g -ffunction-sections -ffat-lto-objects\000"
 392      66756E63 
 392      74696F6E 
 392      2D736563 
 392      74696F6E 
 393              	.LASF19:
 394 0198 2E5C6D61 		.ascii	".\\main.c\000"
 394      696E2E63 
 394      00
 395              	.LASF12:
 396 01a1 73697A65 		.ascii	"sizetype\000"
 396      74797065 
 396      00
 397              		.ident	"GCC: (GNU Tools for ARM Embedded Processors) 4.9.3 20150303 (release) [ARM/embedded-4_9-br
